<?xml version="1.0" encoding="UTF-8"?>
<!-- Generated by org.testng.reporters.JUnitReportReporter -->
<testsuite hostname="ISU1SWT15-PC" name="CMSBenz.Register" tests="4" failures="0" timestamp="7 Jul 2018 09:59:54 GMT" time="63.872" errors="0">
  <testcase name="invaildregistration" time="26.294" classname="CMSBenz.Register"/>
  <testcase name="UserRegistration" time="7.957" classname="CMSBenz.Register"/>
  <testcase name="cancelregistration" time="4.086" classname="CMSBenz.Register"/>
  <testcase name="Emptyregistration" time="25.535" classname="CMSBenz.Register"/>
</testsuite> <!-- CMSBenz.Register -->
