<?xml version="1.0" encoding="UTF-8"?>
<!-- Generated by org.testng.reporters.JUnitReportReporter -->
<testsuite hostname="ISU1SWT15-PC" name="CMSBenz.BenzForgetPwd_TestCase" tests="3" failures="0" timestamp="5 Jul 2018 04:23:38 GMT" time="28.325" errors="0">
  <testcase name="forgetPasswordWithOutMailID_TCID_BNZ_FPWD002" time="11.473" classname="CMSBenz.BenzForgetPwd_TestCase"/>
  <testcase name="closeButton_TCID_BNZ_FPWD003" time="11.117" classname="CMSBenz.BenzForgetPwd_TestCase"/>
  <testcase name="forgetPasswordWithMailID_TCID_BNZ_FPWD001" time="5.735" classname="CMSBenz.BenzForgetPwd_TestCase"/>
</testsuite> <!-- CMSBenz.BenzForgetPwd_TestCase -->
