<?xml version="1.0" encoding="UTF-8"?>
<!-- Generated by org.testng.reporters.JUnitReportReporter -->
<testsuite hostname="ISU1SWT15-PC" name="CMSBenz.Master" tests="9" failures="0" timestamp="7 Jul 2018 09:59:54 GMT" time="51.634" errors="0">
  <testcase name="productGroup" time="7.532" classname="CMSBenz.Master"/>
  <testcase name="lounge" time="5.304" classname="CMSBenz.Master"/>
  <testcase name="productName" time="7.599" classname="CMSBenz.Master"/>
  <testcase name="masterLogin" time="3.522" classname="CMSBenz.Master"/>
  <testcase name="enquiryType" time="7.605" classname="CMSBenz.Master"/>
  <testcase name="designation" time="8.277" classname="CMSBenz.Master"/>
  <testcase name="outlet" time="3.294" classname="CMSBenz.Master"/>
  <testcase name="exportHelp" time="3.287" classname="CMSBenz.Master"/>
  <testcase name="appointmentType" time="5.214" classname="CMSBenz.Master"/>
</testsuite> <!-- CMSBenz.Master -->
