<?xml version="1.0" encoding="UTF-8"?>
<!-- Generated by org.testng.reporters.JUnitReportReporter -->
<testsuite hostname="ISU1SWT15-PC" name="CMSBenz.BenzLogin_TestCase" tests="4" failures="0" timestamp="7 Jul 2018 09:14:09 GMT" time="41.928" errors="0">
  <testcase name="loginWithInValidPassword_TCID_BNZ_LIN003" time="13.403" classname="CMSBenz.BenzLogin_TestCase"/>
  <testcase name="loginWithInValidUserName_TCID_BNZ_LIN002" time="12.990" classname="CMSBenz.BenzLogin_TestCase"/>
  <testcase name="loginWithValidCredentials_TCID_BNZ_LIN001" time="7.499" classname="CMSBenz.BenzLogin_TestCase"/>
  <testcase name="loginWithEmptyCredentials_TCID_BNZ_LIN004" time="8.036" classname="CMSBenz.BenzLogin_TestCase"/>
</testsuite> <!-- CMSBenz.BenzLogin_TestCase -->
