<?xml version="1.0" encoding="UTF-8"?>
<!-- Generated by org.testng.reporters.JUnitReportReporter -->
<testsuite hostname="ISU1SWT15-PC" name="CMSBenz.Login" tests="2" failures="0" timestamp="2 Jul 2018 12:34:35 GMT" time="5.461" errors="0">
  <testcase name="testCase02" time="0.984" classname="CMSBenz.Login"/>
  <testcase name="testCase01" time="4.477" classname="CMSBenz.Login"/>
</testsuite> <!-- CMSBenz.Login -->
