<?xml version="1.0" encoding="UTF-8"?>
<!-- Generated by org.testng.reporters.JUnitReportReporter -->
<testsuite hostname="ISU1SWT15-PC" name="CMSBenz.ForgetPassword" tests="2" failures="0" timestamp="4 Jul 2018 09:06:41 GMT" time="11.930" errors="0">
  <testcase name="vaildforgetPassword" time="5.581" classname="CMSBenz.ForgetPassword"/>
  <testcase name="invaildforgetPassword" time="6.349" classname="CMSBenz.ForgetPassword"/>
</testsuite> <!-- CMSBenz.ForgetPassword -->
