<?xml version="1.0" encoding="UTF-8"?>
<!-- Generated by org.testng.reporters.JUnitReportReporter -->
<testsuite hostname="ISU1SW002-PC" name="CMSBenz.Login" tests="2" failures="0" timestamp="22 Jun 2018 09:53:02 GMT" time="3.798" errors="0">
  <testcase name="testCase01" time="3.407" classname="CMSBenz.Login"/>
  <testcase name="testCase02" time="0.391" classname="CMSBenz.Login"/>
</testsuite> <!-- CMSBenz.Login -->
